# JRE version: Java(TM) SE Runtime Environment (17.0.6+9) (build 17.0.6+9-LTS-190)
# Java VM: Java HotSpot(TM) 64-Bit Server VM (17.0.6+9-LTS-190, mixed mode, sharing, tiered, compressed oops, compressed class ptrs, g1 gc, windows-amd64)
GC Precious Log:
 CPUs: 12 total, 12 available
 Memory: 7893M
 Large Page Support: Disabled
 NUMA Support: Disabled
 Compressed Oops: Enabled (32-bit)
 Heap Region Size: 1M
 Heap Min Capacity: 8M
 Heap Initial Capacity: 124M
 Heap Max Capacity: 1974M
 Pre-touch: Disabled
 Parallel Workers: 10
 Concurrent Workers: 3
 Concurrent Refinement Workers: 10
 Periodic GC: Disabled
Heap:
 garbage-first heap   total 567296K, used 389069K [0x0000000084a00000, 0x0000000100000000)
  region size 1024K, 21 young (21504K), 1 survivors (1024K)
 Metaspace       used 19664K, committed 19904K, reserved 1073152K
  class space    used 2805K, committed 2944K, reserved 1048576K
GC Heap History (20 events):
Event: 1.854 GC heap before
{Heap before GC invocations=37 (full 0):
 garbage-first heap   total 249856K, used 125416K [0x0000000084a00000, 0x0000000100000000)
  region size 1024K, 4 young (4096K), 3 survivors (3072K)
 Metaspace       used 15781K, committed 16064K, reserved 1064960K
  class space    used 2057K, committed 2176K, reserved 1048576K
}
Event: 1.854 GC heap after
{Heap after GC invocations=38 (full 0):
 garbage-first heap   total 249856K, used 125194K [0x0000000084a00000, 0x0000000100000000)
  region size 1024K, 2 young (2048K), 2 survivors (2048K)
 Metaspace       used 15781K, committed 16064K, reserved 1064960K
  class space    used 2057K, committed 2176K, reserved 1048576K
}
Event: 1.862 GC heap before
{Heap before GC invocations=39 (full 0):
 garbage-first heap   total 249856K, used 127242K [0x0000000084a00000, 0x0000000100000000)
  region size 1024K, 3 young (3072K), 2 survivors (2048K)
 Metaspace       used 15785K, committed 16064K, reserved 1064960K
  class space    used 2057K, committed 2176K, reserved 1048576K
}
Event: 1.863 GC heap after
{Heap after GC invocations=40 (full 0):
 garbage-first heap   total 249856K, used 127539K [0x0000000084a00000, 0x0000000100000000)
  region size 1024K, 3 young (3072K), 3 survivors (3072K)
 Metaspace       used 15785K, committed 16064K, reserved 1064960K
  class space    used 2057K, committed 2176K, reserved 1048576K
}
Event: 1.870 GC heap before
{Heap before GC invocations=41 (full 0):
 garbage-first heap   total 249856K, used 131635K [0x0000000084a00000, 0x0000000100000000)
  region size 1024K, 4 young (4096K), 3 survivors (3072K)
 Metaspace       used 15786K, committed 16064K, reserved 1064960K
  class space    used 2057K, committed 2176K, reserved 1048576K
}
Event: 1.870 GC heap after
{Heap after GC invocations=42 (full 0):
 garbage-first heap   total 249856K, used 131489K [0x0000000084a00000, 0x0000000100000000)
  region size 1024K, 3 young (3072K), 3 survivors (3072K)
 Metaspace       used 15786K, committed 16064K, reserved 1064960K
  class space    used 2057K, committed 2176K, reserved 1048576K
}
Event: 1.878 GC heap before
{Heap before GC invocations=43 (full 0):
 garbage-first heap   total 249856K, used 133537K [0x0000000084a00000, 0x0000000100000000)
  region size 1024K, 4 young (4096K), 3 survivors (3072K)
 Metaspace       used 15792K, committed 16064K, reserved 1064960K
  class space    used 2057K, committed 2176K, reserved 1048576K
}
Event: 1.879 GC heap after
{Heap after GC invocations=44 (full 0):
 garbage-first heap   total 249856K, used 133667K [0x0000000084a00000, 0x0000000100000000)
  region size 1024K, 3 young (3072K), 3 survivors (3072K)
 Metaspace       used 15792K, committed 16064K, reserved 1064960K
  class space    used 2057K, committed 2176K, reserved 1048576K
}
Event: 1.886 GC heap before
{Heap before GC invocations=45 (full 0):
 garbage-first heap   total 249856K, used 137763K [0x0000000084a00000, 0x0000000100000000)
  region size 1024K, 4 young (4096K), 3 survivors (3072K)
 Metaspace       used 15793K, committed 16064K, reserved 1064960K
  class space    used 2057K, committed 2176K, reserved 1048576K
}
Event: 1.886 GC heap after
{Heap after GC invocations=46 (full 0):
 garbage-first heap   total 249856K, used 137631K [0x0000000084a00000, 0x0000000100000000)
  region size 1024K, 3 young (3072K), 3 survivors (3072K)
 Metaspace       used 15793K, committed 16064K, reserved 1064960K
  class space    used 2057K, committed 2176K, reserved 1048576K
}
Event: 1.894 GC heap before
{Heap before GC invocations=47 (full 0):
 garbage-first heap   total 249856K, used 139679K [0x0000000084a00000, 0x0000000100000000)
  region size 1024K, 4 young (4096K), 3 survivors (3072K)
 Metaspace       used 15795K, committed 16064K, reserved 1064960K
  class space    used 2057K, committed 2176K, reserved 1048576K
}
Event: 1.895 GC heap after
{Heap after GC invocations=48 (full 0):
 garbage-first heap   total 249856K, used 139925K [0x0000000084a00000, 0x0000000100000000)
  region size 1024K, 3 young (3072K), 3 survivors (3072K)
 Metaspace       used 15795K, committed 16064K, reserved 1064960K
  class space    used 2057K, committed 2176K, reserved 1048576K
}
Event: 1.902 GC heap before
{Heap before GC invocations=49 (full 0):
 garbage-first heap   total 249856K, used 144021K [0x0000000084a00000, 0x0000000100000000)
  region size 1024K, 4 young (4096K), 3 survivors (3072K)
 Metaspace       used 15795K, committed 16064K, reserved 1064960K
  class space    used 2057K, committed 2176K, reserved 1048576K
}
Event: 1.903 GC heap after
{Heap after GC invocations=50 (full 0):
 garbage-first heap   total 249856K, used 143758K [0x0000000084a00000, 0x0000000100000000)
  region size 1024K, 1 young (1024K), 1 survivors (1024K)
 Metaspace       used 15795K, committed 16064K, reserved 1064960K
  class space    used 2057K, committed 2176K, reserved 1048576K
}
Event: 1.910 GC heap before
{Heap before GC invocations=51 (full 0):
 garbage-first heap   total 249856K, used 145806K [0x0000000084a00000, 0x0000000100000000)
  region size 1024K, 2 young (2048K), 1 survivors (1024K)
 Metaspace       used 15800K, committed 16064K, reserved 1064960K
  class space    used 2057K, committed 2176K, reserved 1048576K
}
Event: 1.912 GC heap after
{Heap after GC invocations=52 (full 0):
 garbage-first heap   total 567296K, used 146111K [0x0000000084a00000, 0x0000000100000000)
  region size 1024K, 1 young (1024K), 1 survivors (1024K)
 Metaspace       used 15800K, committed 16064K, reserved 1064960K
  class space    used 2057K, committed 2176K, reserved 1048576K
}
Event: 2.138 GC heap before
{Heap before GC invocations=52 (full 0):
 garbage-first heap   total 567296K, used 258751K [0x0000000084a00000, 0x0000000100000000)
  region size 1024K, 6 young (6144K), 1 survivors (1024K)
 Metaspace       used 15994K, committed 16320K, reserved 1064960K
  class space    used 2087K, committed 2240K, reserved 1048576K
}
Event: 2.138 GC heap after
{Heap after GC invocations=53 (full 0):
 garbage-first heap   total 567296K, used 254883K [0x0000000084a00000, 0x0000000100000000)
  region size 1024K, 1 young (1024K), 1 survivors (1024K)
 Metaspace       used 15994K, committed 16320K, reserved 1064960K
  class space    used 2087K, committed 2240K, reserved 1048576K
}
Event: 2.142 GC heap before
{Heap before GC invocations=53 (full 0):
 garbage-first heap   total 567296K, used 256931K [0x0000000084a00000, 0x0000000100000000)
  region size 1024K, 2 young (2048K), 1 survivors (1024K)
 Metaspace       used 16000K, committed 16320K, reserved 1064960K
  class space    used 2087K, committed 2240K, reserved 1048576K
}
Event: 2.143 GC heap after
{Heap after GC invocations=54 (full 0):
 garbage-first heap   total 567296K, used 256973K [0x0000000084a00000, 0x0000000100000000)
  region size 1024K, 1 young (1024K), 1 survivors (1024K)
 Metaspace       used 16000K, committed 16320K, reserved 1064960K
  class space    used 2087K, committed 2240K, reserved 1048576K
}

