# JRE version: Java(TM) SE Runtime Environment (17.0.6+9) (build 17.0.6+9-LTS-190)
# Java VM: Java HotSpot(TM) 64-Bit Server VM (17.0.6+9-LTS-190, mixed mode, sharing, tiered, compressed oops, compressed class ptrs, g1 gc, windows-amd64)
GC Precious Log:
 CPUs: 12 total, 12 available
 Memory: 7893M
 Large Page Support: Disabled
 NUMA Support: Disabled
 Compressed Oops: Enabled (32-bit)
 Heap Region Size: 1M
 Heap Min Capacity: 8M
 Heap Initial Capacity: 124M
 Heap Max Capacity: 1974M
 Pre-touch: Disabled
 Parallel Workers: 10
 Concurrent Workers: 3
 Concurrent Refinement Workers: 10
 Periodic GC: Disabled
Heap:
 garbage-first heap   total 237568K, used 139889K [0x0000000084a00000, 0x0000000100000000)
  region size 1024K, 1 young (1024K), 1 survivors (1024K)
 Metaspace       used 15519K, committed 15808K, reserved 1064960K
  class space    used 2013K, committed 2176K, reserved 1048576K
GC Heap History (20 events):
Event: 2.166 GC heap after
{Heap after GC invocations=31 (full 0):
 garbage-first heap   total 221184K, used 108940K [0x0000000084a00000, 0x0000000100000000)
  region size 1024K, 3 young (3072K), 3 survivors (3072K)
 Metaspace       used 15484K, committed 15808K, reserved 1064960K
  class space    used 2013K, committed 2176K, reserved 1048576K
}
Event: 2.173 GC heap before
{Heap before GC invocations=32 (full 0):
 garbage-first heap   total 221184K, used 113036K [0x0000000084a00000, 0x0000000100000000)
  region size 1024K, 4 young (4096K), 3 survivors (3072K)
 Metaspace       used 15484K, committed 15808K, reserved 1064960K
  class space    used 2013K, committed 2176K, reserved 1048576K
}
Event: 2.174 GC heap after
{Heap after GC invocations=33 (full 0):
 garbage-first heap   total 221184K, used 112762K [0x0000000084a00000, 0x0000000100000000)
  region size 1024K, 2 young (2048K), 2 survivors (2048K)
 Metaspace       used 15484K, committed 15808K, reserved 1064960K
  class space    used 2013K, committed 2176K, reserved 1048576K
}
Event: 2.182 GC heap before
{Heap before GC invocations=34 (full 0):
 garbage-first heap   total 221184K, used 114810K [0x0000000084a00000, 0x0000000100000000)
  region size 1024K, 3 young (3072K), 2 survivors (2048K)
 Metaspace       used 15488K, committed 15808K, reserved 1064960K
  class space    used 2013K, committed 2176K, reserved 1048576K
}
Event: 2.182 GC heap after
{Heap after GC invocations=35 (full 0):
 garbage-first heap   total 221184K, used 115109K [0x0000000084a00000, 0x0000000100000000)
  region size 1024K, 3 young (3072K), 3 survivors (3072K)
 Metaspace       used 15488K, committed 15808K, reserved 1064960K
  class space    used 2013K, committed 2176K, reserved 1048576K
}
Event: 2.189 GC heap before
{Heap before GC invocations=36 (full 0):
 garbage-first heap   total 221184K, used 119205K [0x0000000084a00000, 0x0000000100000000)
  region size 1024K, 4 young (4096K), 3 survivors (3072K)
 Metaspace       used 15490K, committed 15808K, reserved 1064960K
  class space    used 2013K, committed 2176K, reserved 1048576K
}
Event: 2.190 GC heap after
{Heap after GC invocations=37 (full 0):
 garbage-first heap   total 221184K, used 118874K [0x0000000084a00000, 0x0000000100000000)
  region size 1024K, 2 young (2048K), 2 survivors (2048K)
 Metaspace       used 15490K, committed 15808K, reserved 1064960K
  class space    used 2013K, committed 2176K, reserved 1048576K
}
Event: 2.197 GC heap before
{Heap before GC invocations=38 (full 0):
 garbage-first heap   total 221184K, used 120922K [0x0000000084a00000, 0x0000000100000000)
  region size 1024K, 3 young (3072K), 2 survivors (2048K)
 Metaspace       used 15493K, committed 15808K, reserved 1064960K
  class space    used 2013K, committed 2176K, reserved 1048576K
}
Event: 2.198 GC heap after
{Heap after GC invocations=39 (full 0):
 garbage-first heap   total 221184K, used 121280K [0x0000000084a00000, 0x0000000100000000)
  region size 1024K, 3 young (3072K), 3 survivors (3072K)
 Metaspace       used 15493K, committed 15808K, reserved 1064960K
  class space    used 2013K, committed 2176K, reserved 1048576K
}
Event: 2.204 GC heap before
{Heap before GC invocations=40 (full 0):
 garbage-first heap   total 221184K, used 125376K [0x0000000084a00000, 0x0000000100000000)
  region size 1024K, 4 young (4096K), 3 survivors (3072K)
 Metaspace       used 15493K, committed 15808K, reserved 1064960K
  class space    used 2013K, committed 2176K, reserved 1048576K
}
Event: 2.205 GC heap after
{Heap after GC invocations=41 (full 0):
 garbage-first heap   total 221184K, used 125151K [0x0000000084a00000, 0x0000000100000000)
  region size 1024K, 1 young (1024K), 1 survivors (1024K)
 Metaspace       used 15493K, committed 15808K, reserved 1064960K
  class space    used 2013K, committed 2176K, reserved 1048576K
}
Event: 2.213 GC heap before
{Heap before GC invocations=42 (full 0):
 garbage-first heap   total 221184K, used 127199K [0x0000000084a00000, 0x0000000100000000)
  region size 1024K, 2 young (2048K), 1 survivors (1024K)
 Metaspace       used 15502K, committed 15808K, reserved 1064960K
  class space    used 2013K, committed 2176K, reserved 1048576K
}
Event: 2.213 GC heap after
{Heap after GC invocations=43 (full 0):
 garbage-first heap   total 221184K, used 127494K [0x0000000084a00000, 0x0000000100000000)
  region size 1024K, 1 young (1024K), 1 survivors (1024K)
 Metaspace       used 15502K, committed 15808K, reserved 1064960K
  class space    used 2013K, committed 2176K, reserved 1048576K
}
Event: 2.220 GC heap before
{Heap before GC invocations=44 (full 0):
 garbage-first heap   total 222208K, used 131590K [0x0000000084a00000, 0x0000000100000000)
  region size 1024K, 2 young (2048K), 1 survivors (1024K)
 Metaspace       used 15502K, committed 15808K, reserved 1064960K
  class space    used 2013K, committed 2176K, reserved 1048576K
}
Event: 2.221 GC heap after
{Heap after GC invocations=45 (full 0):
 garbage-first heap   total 222208K, used 131361K [0x0000000084a00000, 0x0000000100000000)
  region size 1024K, 1 young (1024K), 1 survivors (1024K)
 Metaspace       used 15502K, committed 15808K, reserved 1064960K
  class space    used 2013K, committed 2176K, reserved 1048576K
}
Event: 2.228 GC heap before
{Heap before GC invocations=46 (full 0):
 garbage-first heap   total 225280K, used 133409K [0x0000000084a00000, 0x0000000100000000)
  region size 1024K, 2 young (2048K), 1 survivors (1024K)
 Metaspace       used 15503K, committed 15808K, reserved 1064960K
  class space    used 2013K, committed 2176K, reserved 1048576K
}
Event: 2.229 GC heap after
{Heap after GC invocations=47 (full 0):
 garbage-first heap   total 225280K, used 133695K [0x0000000084a00000, 0x0000000100000000)
  region size 1024K, 1 young (1024K), 1 survivors (1024K)
 Metaspace       used 15503K, committed 15808K, reserved 1064960K
  class space    used 2013K, committed 2176K, reserved 1048576K
}
Event: 2.236 GC heap before
{Heap before GC invocations=48 (full 0):
 garbage-first heap   total 232448K, used 137791K [0x0000000084a00000, 0x0000000100000000)
  region size 1024K, 2 young (2048K), 1 survivors (1024K)
 Metaspace       used 15510K, committed 15808K, reserved 1064960K
  class space    used 2013K, committed 2176K, reserved 1048576K
}
Event: 2.237 GC heap after
{Heap after GC invocations=49 (full 0):
 garbage-first heap   total 232448K, used 137545K [0x0000000084a00000, 0x0000000100000000)
  region size 1024K, 1 young (1024K), 1 survivors (1024K)
 Metaspace       used 15510K, committed 15808K, reserved 1064960K
  class space    used 2013K, committed 2176K, reserved 1048576K
}
Event: 2.245 GC heap before
{Heap before GC invocations=50 (full 0):
 garbage-first heap   total 237568K, used 139593K [0x0000000084a00000, 0x0000000100000000)
  region size 1024K, 2 young (2048K), 1 survivors (1024K)
 Metaspace       used 15519K, committed 15808K, reserved 1064960K
  class space    used 2013K, committed 2176K, reserved 1048576K
}

