# JRE version: Java(TM) SE Runtime Environment (17.0.6+9) (build 17.0.6+9-LTS-190)
# Java VM: Java HotSpot(TM) 64-Bit Server VM (17.0.6+9-LTS-190, mixed mode, sharing, tiered, compressed oops, compressed class ptrs, g1 gc, windows-amd64)
GC Precious Log:
 CPUs: 12 total, 12 available
 Memory: 7893M
 Large Page Support: Disabled
 NUMA Support: Disabled
 Compressed Oops: Enabled (32-bit)
 Heap Region Size: 1M
 Heap Min Capacity: 8M
 Heap Initial Capacity: 124M
 Heap Max Capacity: 1974M
 Pre-touch: Disabled
 Parallel Workers: 10
 Concurrent Workers: 3
 Concurrent Refinement Workers: 10
 Periodic GC: Disabled
Heap:
 garbage-first heap   total 380928K, used 193074K [0x0000000084a00000, 0x0000000100000000)
  region size 1024K, 1 young (1024K), 1 survivors (1024K)
 Metaspace       used 15849K, committed 16064K, reserved 1064960K
  class space    used 2060K, committed 2176K, reserved 1048576K
GC Heap History (20 events):
Event: 3.777 GC heap after
{Heap after GC invocations=31 (full 0):
 garbage-first heap   total 263168K, used 155933K [0x0000000084a00000, 0x0000000100000000)
  region size 1024K, 1 young (1024K), 1 survivors (1024K)
 Metaspace       used 15795K, committed 16064K, reserved 1064960K
  class space    used 2060K, committed 2176K, reserved 1048576K
}
Event: 3.788 GC heap before
{Heap before GC invocations=32 (full 0):
 garbage-first heap   total 266240K, used 157981K [0x0000000084a00000, 0x0000000100000000)
  region size 1024K, 2 young (2048K), 1 survivors (1024K)
 Metaspace       used 15801K, committed 16064K, reserved 1064960K
  class space    used 2060K, committed 2176K, reserved 1048576K
}
Event: 3.789 GC heap after
{Heap after GC invocations=33 (full 0):
 garbage-first heap   total 266240K, used 158277K [0x0000000084a00000, 0x0000000100000000)
  region size 1024K, 1 young (1024K), 1 survivors (1024K)
 Metaspace       used 15801K, committed 16064K, reserved 1064960K
  class space    used 2060K, committed 2176K, reserved 1048576K
}
Event: 3.799 GC heap before
{Heap before GC invocations=34 (full 0):
 garbage-first heap   total 275456K, used 162373K [0x0000000084a00000, 0x0000000100000000)
  region size 1024K, 2 young (2048K), 1 survivors (1024K)
 Metaspace       used 15803K, committed 16064K, reserved 1064960K
  class space    used 2060K, committed 2176K, reserved 1048576K
}
Event: 3.800 GC heap after
{Heap after GC invocations=35 (full 0):
 garbage-first heap   total 275456K, used 162127K [0x0000000084a00000, 0x0000000100000000)
  region size 1024K, 1 young (1024K), 1 survivors (1024K)
 Metaspace       used 15803K, committed 16064K, reserved 1064960K
  class space    used 2060K, committed 2176K, reserved 1048576K
}
Event: 3.809 GC heap before
{Heap before GC invocations=36 (full 0):
 garbage-first heap   total 278528K, used 164175K [0x0000000084a00000, 0x0000000100000000)
  region size 1024K, 2 young (2048K), 1 survivors (1024K)
 Metaspace       used 15806K, committed 16064K, reserved 1064960K
  class space    used 2060K, committed 2176K, reserved 1048576K
}
Event: 3.810 GC heap after
{Heap after GC invocations=37 (full 0):
 garbage-first heap   total 278528K, used 164467K [0x0000000084a00000, 0x0000000100000000)
  region size 1024K, 1 young (1024K), 1 survivors (1024K)
 Metaspace       used 15806K, committed 16064K, reserved 1064960K
  class space    used 2060K, committed 2176K, reserved 1048576K
}
Event: 3.820 GC heap before
{Heap before GC invocations=38 (full 0):
 garbage-first heap   total 285696K, used 168563K [0x0000000084a00000, 0x0000000100000000)
  region size 1024K, 2 young (2048K), 1 survivors (1024K)
 Metaspace       used 15808K, committed 16064K, reserved 1064960K
  class space    used 2060K, committed 2176K, reserved 1048576K
}
Event: 3.820 GC heap after
{Heap after GC invocations=39 (full 0):
 garbage-first heap   total 285696K, used 168317K [0x0000000084a00000, 0x0000000100000000)
  region size 1024K, 1 young (1024K), 1 survivors (1024K)
 Metaspace       used 15808K, committed 16064K, reserved 1064960K
  class space    used 2060K, committed 2176K, reserved 1048576K
}
Event: 3.831 GC heap before
{Heap before GC invocations=40 (full 0):
 garbage-first heap   total 288768K, used 170365K [0x0000000084a00000, 0x0000000100000000)
  region size 1024K, 2 young (2048K), 1 survivors (1024K)
 Metaspace       used 15821K, committed 16064K, reserved 1064960K
  class space    used 2060K, committed 2176K, reserved 1048576K
}
Event: 3.832 GC heap after
{Heap after GC invocations=41 (full 0):
 garbage-first heap   total 288768K, used 170655K [0x0000000084a00000, 0x0000000100000000)
  region size 1024K, 1 young (1024K), 1 survivors (1024K)
 Metaspace       used 15821K, committed 16064K, reserved 1064960K
  class space    used 2060K, committed 2176K, reserved 1048576K
}
Event: 3.848 GC heap before
{Heap before GC invocations=42 (full 0):
 garbage-first heap   total 295936K, used 176799K [0x0000000084a00000, 0x0000000100000000)
  region size 1024K, 2 young (2048K), 1 survivors (1024K)
 Metaspace       used 15840K, committed 16064K, reserved 1064960K
  class space    used 2060K, committed 2176K, reserved 1048576K
}
Event: 3.849 GC heap after
{Heap after GC invocations=43 (full 0):
 garbage-first heap   total 380928K, used 176838K [0x0000000084a00000, 0x0000000100000000)
  region size 1024K, 1 young (1024K), 1 survivors (1024K)
 Metaspace       used 15840K, committed 16064K, reserved 1064960K
  class space    used 2060K, committed 2176K, reserved 1048576K
}
Event: 3.867 GC heap before
{Heap before GC invocations=44 (full 0):
 garbage-first heap   total 380928K, used 182982K [0x0000000084a00000, 0x0000000100000000)
  region size 1024K, 2 young (2048K), 1 survivors (1024K)
 Metaspace       used 15843K, committed 16064K, reserved 1064960K
  class space    used 2060K, committed 2176K, reserved 1048576K
}
Event: 3.868 GC heap after
{Heap after GC invocations=45 (full 0):
 garbage-first heap   total 380928K, used 183024K [0x0000000084a00000, 0x0000000100000000)
  region size 1024K, 1 young (1024K), 1 survivors (1024K)
 Metaspace       used 15843K, committed 16064K, reserved 1064960K
  class space    used 2060K, committed 2176K, reserved 1048576K
}
Event: 3.876 GC heap before
{Heap before GC invocations=46 (full 0):
 garbage-first heap   total 380928K, used 187120K [0x0000000084a00000, 0x0000000100000000)
  region size 1024K, 2 young (2048K), 1 survivors (1024K)
 Metaspace       used 15846K, committed 16064K, reserved 1064960K
  class space    used 2060K, committed 2176K, reserved 1048576K
}
Event: 3.877 GC heap after
{Heap after GC invocations=47 (full 0):
 garbage-first heap   total 380928K, used 186879K [0x0000000084a00000, 0x0000000100000000)
  region size 1024K, 1 young (1024K), 1 survivors (1024K)
 Metaspace       used 15846K, committed 16064K, reserved 1064960K
  class space    used 2060K, committed 2176K, reserved 1048576K
}
Event: 3.890 GC heap before
{Heap before GC invocations=48 (full 0):
 garbage-first heap   total 380928K, used 188927K [0x0000000084a00000, 0x0000000100000000)
  region size 1024K, 2 young (2048K), 1 survivors (1024K)
 Metaspace       used 15849K, committed 16064K, reserved 1064960K
  class space    used 2060K, committed 2176K, reserved 1048576K
}
Event: 3.891 GC heap after
{Heap after GC invocations=49 (full 0):
 garbage-first heap   total 380928K, used 189226K [0x0000000084a00000, 0x0000000100000000)
  region size 1024K, 1 young (1024K), 1 survivors (1024K)
 Metaspace       used 15849K, committed 16064K, reserved 1064960K
  class space    used 2060K, committed 2176K, reserved 1048576K
}
Event: 3.902 GC heap before
{Heap before GC invocations=50 (full 0):
 garbage-first heap   total 380928K, used 193322K [0x0000000084a00000, 0x0000000100000000)
  region size 1024K, 2 young (2048K), 1 survivors (1024K)
 Metaspace       used 15849K, committed 16064K, reserved 1064960K
  class space    used 2060K, committed 2176K, reserved 1048576K
}

