# JRE version: Java(TM) SE Runtime Environment (17.0.6+9) (build 17.0.6+9-LTS-190)
# Java VM: Java HotSpot(TM) 64-Bit Server VM (17.0.6+9-LTS-190, mixed mode, sharing, tiered, compressed oops, compressed class ptrs, g1 gc, windows-amd64)
GC Precious Log:
 CPUs: 12 total, 12 available
 Memory: 7893M
 Large Page Support: Disabled
 NUMA Support: Disabled
 Compressed Oops: Enabled (32-bit)
 Heap Region Size: 1M
 Heap Min Capacity: 8M
 Heap Initial Capacity: 124M
 Heap Max Capacity: 1974M
 Pre-touch: Disabled
 Parallel Workers: 10
 Concurrent Workers: 3
 Concurrent Refinement Workers: 10
 Periodic GC: Disabled
Heap:
 garbage-first heap   total 245760K, used 145775K [0x0000000084a00000, 0x0000000100000000)
  region size 1024K, 1 young (1024K), 1 survivors (1024K)
 Metaspace       used 15624K, committed 15872K, reserved 1064960K
  class space    used 2023K, committed 2176K, reserved 1048576K
GC Heap History (20 events):
Event: 2.122 GC heap after
{Heap after GC invocations=5 (full 0):
 garbage-first heap   total 126976K, used 110720K [0x0000000084a00000, 0x0000000100000000)
  region size 1024K, 2 young (2048K), 2 survivors (2048K)
 Metaspace       used 15578K, committed 15872K, reserved 1064960K
  class space    used 2021K, committed 2176K, reserved 1048576K
}
Event: 2.142 GC heap before
{Heap before GC invocations=5 (full 0):
 garbage-first heap   total 126976K, used 120960K [0x0000000084a00000, 0x0000000100000000)
  region size 1024K, 3 young (3072K), 2 survivors (2048K)
 Metaspace       used 15593K, committed 15872K, reserved 1064960K
  class space    used 2023K, committed 2176K, reserved 1048576K
}
Event: 2.145 GC heap after
{Heap after GC invocations=6 (full 0):
 garbage-first heap   total 126976K, used 121216K [0x0000000084a00000, 0x0000000100000000)
  region size 1024K, 1 young (1024K), 1 survivors (1024K)
 Metaspace       used 15593K, committed 15872K, reserved 1064960K
  class space    used 2023K, committed 2176K, reserved 1048576K
}
Event: 2.147 GC heap before
{Heap before GC invocations=6 (full 0):
 garbage-first heap   total 126976K, used 123264K [0x0000000084a00000, 0x0000000100000000)
  region size 1024K, 2 young (2048K), 1 survivors (1024K)
 Metaspace       used 15593K, committed 15872K, reserved 1064960K
  class space    used 2023K, committed 2176K, reserved 1048576K
}
Event: 2.148 GC heap after
{Heap after GC invocations=7 (full 0):
 garbage-first heap   total 126976K, used 122841K [0x0000000084a00000, 0x0000000100000000)
  region size 1024K, 1 young (1024K), 1 survivors (1024K)
 Metaspace       used 15593K, committed 15872K, reserved 1064960K
  class space    used 2023K, committed 2176K, reserved 1048576K
}
Event: 2.148 GC heap before
{Heap before GC invocations=7 (full 0):
 garbage-first heap   total 126976K, used 124889K [0x0000000084a00000, 0x0000000100000000)
  region size 1024K, 1 young (1024K), 1 survivors (1024K)
 Metaspace       used 15593K, committed 15872K, reserved 1064960K
  class space    used 2023K, committed 2176K, reserved 1048576K
}
Event: 2.148 GC heap after
{Heap after GC invocations=8 (full 0):
 garbage-first heap   total 126976K, used 124883K [0x0000000084a00000, 0x0000000100000000)
  region size 1024K, 1 young (1024K), 1 survivors (1024K)
 Metaspace       used 15593K, committed 15872K, reserved 1064960K
  class space    used 2023K, committed 2176K, reserved 1048576K
}
Event: 2.159 GC heap before
{Heap before GC invocations=9 (full 0):
 garbage-first heap   total 215040K, used 126931K [0x0000000084a00000, 0x0000000100000000)
  region size 1024K, 2 young (2048K), 1 survivors (1024K)
 Metaspace       used 15602K, committed 15872K, reserved 1064960K
  class space    used 2023K, committed 2176K, reserved 1048576K
}
Event: 2.160 GC heap after
{Heap after GC invocations=10 (full 0):
 garbage-first heap   total 215040K, used 127227K [0x0000000084a00000, 0x0000000100000000)
  region size 1024K, 1 young (1024K), 1 survivors (1024K)
 Metaspace       used 15602K, committed 15872K, reserved 1064960K
  class space    used 2023K, committed 2176K, reserved 1048576K
}
Event: 2.167 GC heap before
{Heap before GC invocations=11 (full 0):
 garbage-first heap   total 222208K, used 131323K [0x0000000084a00000, 0x0000000100000000)
  region size 1024K, 2 young (2048K), 1 survivors (1024K)
 Metaspace       used 15602K, committed 15872K, reserved 1064960K
  class space    used 2023K, committed 2176K, reserved 1048576K
}
Event: 2.167 GC heap after
{Heap after GC invocations=12 (full 0):
 garbage-first heap   total 222208K, used 131066K [0x0000000084a00000, 0x0000000100000000)
  region size 1024K, 1 young (1024K), 1 survivors (1024K)
 Metaspace       used 15602K, committed 15872K, reserved 1064960K
  class space    used 2023K, committed 2176K, reserved 1048576K
}
Event: 2.176 GC heap before
{Heap before GC invocations=13 (full 0):
 garbage-first heap   total 225280K, used 133114K [0x0000000084a00000, 0x0000000100000000)
  region size 1024K, 2 young (2048K), 1 survivors (1024K)
 Metaspace       used 15602K, committed 15872K, reserved 1064960K
  class space    used 2023K, committed 2176K, reserved 1048576K
}
Event: 2.176 GC heap after
{Heap after GC invocations=14 (full 0):
 garbage-first heap   total 225280K, used 133407K [0x0000000084a00000, 0x0000000100000000)
  region size 1024K, 1 young (1024K), 1 survivors (1024K)
 Metaspace       used 15602K, committed 15872K, reserved 1064960K
  class space    used 2023K, committed 2176K, reserved 1048576K
}
Event: 2.183 GC heap before
{Heap before GC invocations=15 (full 0):
 garbage-first heap   total 232448K, used 137503K [0x0000000084a00000, 0x0000000100000000)
  region size 1024K, 2 young (2048K), 1 survivors (1024K)
 Metaspace       used 15608K, committed 15872K, reserved 1064960K
  class space    used 2023K, committed 2176K, reserved 1048576K
}
Event: 2.184 GC heap after
{Heap after GC invocations=16 (full 0):
 garbage-first heap   total 232448K, used 137250K [0x0000000084a00000, 0x0000000100000000)
  region size 1024K, 1 young (1024K), 1 survivors (1024K)
 Metaspace       used 15608K, committed 15872K, reserved 1064960K
  class space    used 2023K, committed 2176K, reserved 1048576K
}
Event: 2.192 GC heap before
{Heap before GC invocations=17 (full 0):
 garbage-first heap   total 235520K, used 139298K [0x0000000084a00000, 0x0000000100000000)
  region size 1024K, 2 young (2048K), 1 survivors (1024K)
 Metaspace       used 15617K, committed 15872K, reserved 1064960K
  class space    used 2023K, committed 2176K, reserved 1048576K
}
Event: 2.193 GC heap after
{Heap after GC invocations=18 (full 0):
 garbage-first heap   total 235520K, used 139590K [0x0000000084a00000, 0x0000000100000000)
  region size 1024K, 1 young (1024K), 1 survivors (1024K)
 Metaspace       used 15617K, committed 15872K, reserved 1064960K
  class space    used 2023K, committed 2176K, reserved 1048576K
}
Event: 2.200 GC heap before
{Heap before GC invocations=19 (full 0):
 garbage-first heap   total 242688K, used 143686K [0x0000000084a00000, 0x0000000100000000)
  region size 1024K, 2 young (2048K), 1 survivors (1024K)
 Metaspace       used 15617K, committed 15872K, reserved 1064960K
  class space    used 2023K, committed 2176K, reserved 1048576K
}
Event: 2.201 GC heap after
{Heap after GC invocations=20 (full 0):
 garbage-first heap   total 242688K, used 143438K [0x0000000084a00000, 0x0000000100000000)
  region size 1024K, 1 young (1024K), 1 survivors (1024K)
 Metaspace       used 15617K, committed 15872K, reserved 1064960K
  class space    used 2023K, committed 2176K, reserved 1048576K
}
Event: 2.208 GC heap before
{Heap before GC invocations=21 (full 0):
 garbage-first heap   total 245760K, used 145486K [0x0000000084a00000, 0x0000000100000000)
  region size 1024K, 2 young (2048K), 1 survivors (1024K)
 Metaspace       used 15624K, committed 15872K, reserved 1064960K
  class space    used 2023K, committed 2176K, reserved 1048576K
}

