# JRE version: Java(TM) SE Runtime Environment (17.0.6+9) (build 17.0.6+9-LTS-190)
# Java VM: Java HotSpot(TM) 64-Bit Server VM (17.0.6+9-LTS-190, mixed mode, sharing, tiered, compressed oops, compressed class ptrs, g1 gc, windows-amd64)
GC Precious Log:
 CPUs: 12 total, 12 available
 Memory: 7893M
 Large Page Support: Disabled
 NUMA Support: Disabled
 Compressed Oops: Enabled (32-bit)
 Heap Region Size: 1M
 Heap Min Capacity: 8M
 Heap Initial Capacity: 124M
 Heap Max Capacity: 1974M
 Pre-touch: Disabled
 Parallel Workers: 10
 Concurrent Workers: 3
 Concurrent Refinement Workers: 10
 Periodic GC: Disabled
Heap:
 garbage-first heap   total 591872K, used 308429K [0x0000000084a00000, 0x0000000100000000)
  region size 1024K, 1 young (1024K), 1 survivors (1024K)
 Metaspace       used 16039K, committed 16320K, reserved 1064960K
  class space    used 2088K, committed 2240K, reserved 1048576K
GC Heap History (20 events):
Event: 2.338 GC heap after
{Heap after GC invocations=72 (full 0):
 garbage-first heap   total 591872K, used 267233K [0x0000000084a00000, 0x0000000100000000)
  region size 1024K, 1 young (1024K), 1 survivors (1024K)
 Metaspace       used 16011K, committed 16320K, reserved 1064960K
  class space    used 2087K, committed 2240K, reserved 1048576K
}
Event: 2.348 GC heap before
{Heap before GC invocations=73 (full 0):
 garbage-first heap   total 591872K, used 271329K [0x0000000084a00000, 0x0000000100000000)
  region size 1024K, 2 young (2048K), 1 survivors (1024K)
 Metaspace       used 16012K, committed 16320K, reserved 1064960K
  class space    used 2087K, committed 2240K, reserved 1048576K
}
Event: 2.348 GC heap after
{Heap after GC invocations=74 (full 0):
 garbage-first heap   total 591872K, used 271367K [0x0000000084a00000, 0x0000000100000000)
  region size 1024K, 1 young (1024K), 1 survivors (1024K)
 Metaspace       used 16012K, committed 16320K, reserved 1064960K
  class space    used 2087K, committed 2240K, reserved 1048576K
}
Event: 2.358 GC heap before
{Heap before GC invocations=75 (full 0):
 garbage-first heap   total 591872K, used 275463K [0x0000000084a00000, 0x0000000100000000)
  region size 1024K, 2 young (2048K), 1 survivors (1024K)
 Metaspace       used 16013K, committed 16320K, reserved 1064960K
  class space    used 2087K, committed 2240K, reserved 1048576K
}
Event: 2.359 GC heap after
{Heap after GC invocations=76 (full 0):
 garbage-first heap   total 591872K, used 275488K [0x0000000084a00000, 0x0000000100000000)
  region size 1024K, 1 young (1024K), 1 survivors (1024K)
 Metaspace       used 16013K, committed 16320K, reserved 1064960K
  class space    used 2087K, committed 2240K, reserved 1048576K
}
Event: 2.367 GC heap before
{Heap before GC invocations=77 (full 0):
 garbage-first heap   total 591872K, used 279584K [0x0000000084a00000, 0x0000000100000000)
  region size 1024K, 2 young (2048K), 1 survivors (1024K)
 Metaspace       used 16014K, committed 16320K, reserved 1064960K
  class space    used 2087K, committed 2240K, reserved 1048576K
}
Event: 2.368 GC heap after
{Heap after GC invocations=78 (full 0):
 garbage-first heap   total 591872K, used 279608K [0x0000000084a00000, 0x0000000100000000)
  region size 1024K, 1 young (1024K), 1 survivors (1024K)
 Metaspace       used 16014K, committed 16320K, reserved 1064960K
  class space    used 2087K, committed 2240K, reserved 1048576K
}
Event: 2.376 GC heap before
{Heap before GC invocations=79 (full 0):
 garbage-first heap   total 591872K, used 283704K [0x0000000084a00000, 0x0000000100000000)
  region size 1024K, 2 young (2048K), 1 survivors (1024K)
 Metaspace       used 16015K, committed 16320K, reserved 1064960K
  class space    used 2087K, committed 2240K, reserved 1048576K
}
Event: 2.377 GC heap after
{Heap after GC invocations=80 (full 0):
 garbage-first heap   total 591872K, used 283708K [0x0000000084a00000, 0x0000000100000000)
  region size 1024K, 1 young (1024K), 1 survivors (1024K)
 Metaspace       used 16015K, committed 16320K, reserved 1064960K
  class space    used 2087K, committed 2240K, reserved 1048576K
}
Event: 2.387 GC heap before
{Heap before GC invocations=81 (full 0):
 garbage-first heap   total 591872K, used 287804K [0x0000000084a00000, 0x0000000100000000)
  region size 1024K, 2 young (2048K), 1 survivors (1024K)
 Metaspace       used 16017K, committed 16320K, reserved 1064960K
  class space    used 2087K, committed 2240K, reserved 1048576K
}
Event: 2.388 GC heap after
{Heap after GC invocations=82 (full 0):
 garbage-first heap   total 591872K, used 287837K [0x0000000084a00000, 0x0000000100000000)
  region size 1024K, 1 young (1024K), 1 survivors (1024K)
 Metaspace       used 16017K, committed 16320K, reserved 1064960K
  class space    used 2087K, committed 2240K, reserved 1048576K
}
Event: 2.397 GC heap before
{Heap before GC invocations=83 (full 0):
 garbage-first heap   total 591872K, used 291933K [0x0000000084a00000, 0x0000000100000000)
  region size 1024K, 2 young (2048K), 1 survivors (1024K)
 Metaspace       used 16017K, committed 16320K, reserved 1064960K
  class space    used 2087K, committed 2240K, reserved 1048576K
}
Event: 2.398 GC heap after
{Heap after GC invocations=84 (full 0):
 garbage-first heap   total 591872K, used 291918K [0x0000000084a00000, 0x0000000100000000)
  region size 1024K, 1 young (1024K), 1 survivors (1024K)
 Metaspace       used 16017K, committed 16320K, reserved 1064960K
  class space    used 2087K, committed 2240K, reserved 1048576K
}
Event: 2.407 GC heap before
{Heap before GC invocations=85 (full 0):
 garbage-first heap   total 591872K, used 296014K [0x0000000084a00000, 0x0000000100000000)
  region size 1024K, 2 young (2048K), 1 survivors (1024K)
 Metaspace       used 16018K, committed 16320K, reserved 1064960K
  class space    used 2087K, committed 2240K, reserved 1048576K
}
Event: 2.408 GC heap after
{Heap after GC invocations=86 (full 0):
 garbage-first heap   total 591872K, used 296062K [0x0000000084a00000, 0x0000000100000000)
  region size 1024K, 1 young (1024K), 1 survivors (1024K)
 Metaspace       used 16018K, committed 16320K, reserved 1064960K
  class space    used 2087K, committed 2240K, reserved 1048576K
}
Event: 2.416 GC heap before
{Heap before GC invocations=87 (full 0):
 garbage-first heap   total 591872K, used 300158K [0x0000000084a00000, 0x0000000100000000)
  region size 1024K, 2 young (2048K), 1 survivors (1024K)
 Metaspace       used 16019K, committed 16320K, reserved 1064960K
  class space    used 2087K, committed 2240K, reserved 1048576K
}
Event: 2.417 GC heap after
{Heap after GC invocations=88 (full 0):
 garbage-first heap   total 591872K, used 300159K [0x0000000084a00000, 0x0000000100000000)
  region size 1024K, 1 young (1024K), 1 survivors (1024K)
 Metaspace       used 16019K, committed 16320K, reserved 1064960K
  class space    used 2087K, committed 2240K, reserved 1048576K
}
Event: 2.427 GC heap before
{Heap before GC invocations=89 (full 0):
 garbage-first heap   total 591872K, used 304255K [0x0000000084a00000, 0x0000000100000000)
  region size 1024K, 2 young (2048K), 1 survivors (1024K)
 Metaspace       used 16035K, committed 16320K, reserved 1064960K
  class space    used 2088K, committed 2240K, reserved 1048576K
}
Event: 2.428 GC heap after
{Heap after GC invocations=90 (full 0):
 garbage-first heap   total 591872K, used 304304K [0x0000000084a00000, 0x0000000100000000)
  region size 1024K, 1 young (1024K), 1 survivors (1024K)
 Metaspace       used 16035K, committed 16320K, reserved 1064960K
  class space    used 2088K, committed 2240K, reserved 1048576K
}
Event: 2.437 GC heap before
{Heap before GC invocations=91 (full 0):
 garbage-first heap   total 591872K, used 308400K [0x0000000084a00000, 0x0000000100000000)
  region size 1024K, 2 young (2048K), 1 survivors (1024K)
 Metaspace       used 16039K, committed 16320K, reserved 1064960K
  class space    used 2088K, committed 2240K, reserved 1048576K
}

