# JRE version: Java(TM) SE Runtime Environment (17.0.6+9) (build 17.0.6+9-LTS-190)
# Java VM: Java HotSpot(TM) 64-Bit Server VM (17.0.6+9-LTS-190, mixed mode, sharing, tiered, compressed oops, compressed class ptrs, g1 gc, windows-amd64)
GC Precious Log:
 CPUs: 12 total, 12 available
 Memory: 7893M
 Large Page Support: Disabled
 NUMA Support: Disabled
 Compressed Oops: Enabled (32-bit)
 Heap Region Size: 1M
 Heap Min Capacity: 8M
 Heap Initial Capacity: 124M
 Heap Max Capacity: 1974M
 Pre-touch: Disabled
 Parallel Workers: 10
 Concurrent Workers: 3
 Concurrent Refinement Workers: 10
 Periodic GC: Disabled
Heap:
 garbage-first heap   total 570368K, used 298053K [0x0000000084a00000, 0x0000000100000000)
  region size 1024K, 1 young (1024K), 1 survivors (1024K)
 Metaspace       used 15975K, committed 16256K, reserved 1064960K
  class space    used 2087K, committed 2240K, reserved 1048576K
GC Heap History (20 events):
Event: 2.375 GC heap after
{Heap after GC invocations=67 (full 0):
 garbage-first heap   total 570368K, used 256908K [0x0000000084a00000, 0x0000000100000000)
  region size 1024K, 1 young (1024K), 1 survivors (1024K)
 Metaspace       used 15967K, committed 16256K, reserved 1064960K
  class space    used 2087K, committed 2240K, reserved 1048576K
}
Event: 2.386 GC heap before
{Heap before GC invocations=68 (full 0):
 garbage-first heap   total 570368K, used 261004K [0x0000000084a00000, 0x0000000100000000)
  region size 1024K, 2 young (2048K), 1 survivors (1024K)
 Metaspace       used 15969K, committed 16256K, reserved 1064960K
  class space    used 2087K, committed 2240K, reserved 1048576K
}
Event: 2.387 GC heap after
{Heap after GC invocations=69 (full 0):
 garbage-first heap   total 570368K, used 261050K [0x0000000084a00000, 0x0000000100000000)
  region size 1024K, 1 young (1024K), 1 survivors (1024K)
 Metaspace       used 15969K, committed 16256K, reserved 1064960K
  class space    used 2087K, committed 2240K, reserved 1048576K
}
Event: 2.396 GC heap before
{Heap before GC invocations=70 (full 0):
 garbage-first heap   total 570368K, used 265146K [0x0000000084a00000, 0x0000000100000000)
  region size 1024K, 2 young (2048K), 1 survivors (1024K)
 Metaspace       used 15969K, committed 16256K, reserved 1064960K
  class space    used 2087K, committed 2240K, reserved 1048576K
}
Event: 2.396 GC heap after
{Heap after GC invocations=71 (full 0):
 garbage-first heap   total 570368K, used 265163K [0x0000000084a00000, 0x0000000100000000)
  region size 1024K, 1 young (1024K), 1 survivors (1024K)
 Metaspace       used 15969K, committed 16256K, reserved 1064960K
  class space    used 2087K, committed 2240K, reserved 1048576K
}
Event: 2.405 GC heap before
{Heap before GC invocations=72 (full 0):
 garbage-first heap   total 570368K, used 269259K [0x0000000084a00000, 0x0000000100000000)
  region size 1024K, 2 young (2048K), 1 survivors (1024K)
 Metaspace       used 15969K, committed 16256K, reserved 1064960K
  class space    used 2087K, committed 2240K, reserved 1048576K
}
Event: 2.405 GC heap after
{Heap after GC invocations=73 (full 0):
 garbage-first heap   total 570368K, used 269254K [0x0000000084a00000, 0x0000000100000000)
  region size 1024K, 1 young (1024K), 1 survivors (1024K)
 Metaspace       used 15969K, committed 16256K, reserved 1064960K
  class space    used 2087K, committed 2240K, reserved 1048576K
}
Event: 2.414 GC heap before
{Heap before GC invocations=74 (full 0):
 garbage-first heap   total 570368K, used 273350K [0x0000000084a00000, 0x0000000100000000)
  region size 1024K, 2 young (2048K), 1 survivors (1024K)
 Metaspace       used 15970K, committed 16256K, reserved 1064960K
  class space    used 2087K, committed 2240K, reserved 1048576K
}
Event: 2.415 GC heap after
{Heap after GC invocations=75 (full 0):
 garbage-first heap   total 570368K, used 273407K [0x0000000084a00000, 0x0000000100000000)
  region size 1024K, 1 young (1024K), 1 survivors (1024K)
 Metaspace       used 15970K, committed 16256K, reserved 1064960K
  class space    used 2087K, committed 2240K, reserved 1048576K
}
Event: 2.424 GC heap before
{Heap before GC invocations=76 (full 0):
 garbage-first heap   total 570368K, used 277503K [0x0000000084a00000, 0x0000000100000000)
  region size 1024K, 2 young (2048K), 1 survivors (1024K)
 Metaspace       used 15971K, committed 16256K, reserved 1064960K
  class space    used 2087K, committed 2240K, reserved 1048576K
}
Event: 2.424 GC heap after
{Heap after GC invocations=77 (full 0):
 garbage-first heap   total 570368K, used 277490K [0x0000000084a00000, 0x0000000100000000)
  region size 1024K, 1 young (1024K), 1 survivors (1024K)
 Metaspace       used 15971K, committed 16256K, reserved 1064960K
  class space    used 2087K, committed 2240K, reserved 1048576K
}
Event: 2.434 GC heap before
{Heap before GC invocations=78 (full 0):
 garbage-first heap   total 570368K, used 281586K [0x0000000084a00000, 0x0000000100000000)
  region size 1024K, 2 young (2048K), 1 survivors (1024K)
 Metaspace       used 15972K, committed 16256K, reserved 1064960K
  class space    used 2087K, committed 2240K, reserved 1048576K
}
Event: 2.434 GC heap after
{Heap after GC invocations=79 (full 0):
 garbage-first heap   total 570368K, used 281607K [0x0000000084a00000, 0x0000000100000000)
  region size 1024K, 1 young (1024K), 1 survivors (1024K)
 Metaspace       used 15972K, committed 16256K, reserved 1064960K
  class space    used 2087K, committed 2240K, reserved 1048576K
}
Event: 2.443 GC heap before
{Heap before GC invocations=80 (full 0):
 garbage-first heap   total 570368K, used 285703K [0x0000000084a00000, 0x0000000100000000)
  region size 1024K, 2 young (2048K), 1 survivors (1024K)
 Metaspace       used 15973K, committed 16256K, reserved 1064960K
  class space    used 2087K, committed 2240K, reserved 1048576K
}
Event: 2.443 GC heap after
{Heap after GC invocations=81 (full 0):
 garbage-first heap   total 570368K, used 285710K [0x0000000084a00000, 0x0000000100000000)
  region size 1024K, 1 young (1024K), 1 survivors (1024K)
 Metaspace       used 15973K, committed 16256K, reserved 1064960K
  class space    used 2087K, committed 2240K, reserved 1048576K
}
Event: 2.453 GC heap before
{Heap before GC invocations=82 (full 0):
 garbage-first heap   total 570368K, used 289806K [0x0000000084a00000, 0x0000000100000000)
  region size 1024K, 2 young (2048K), 1 survivors (1024K)
 Metaspace       used 15975K, committed 16256K, reserved 1064960K
  class space    used 2087K, committed 2240K, reserved 1048576K
}
Event: 2.453 GC heap after
{Heap after GC invocations=83 (full 0):
 garbage-first heap   total 570368K, used 289837K [0x0000000084a00000, 0x0000000100000000)
  region size 1024K, 1 young (1024K), 1 survivors (1024K)
 Metaspace       used 15975K, committed 16256K, reserved 1064960K
  class space    used 2087K, committed 2240K, reserved 1048576K
}
Event: 2.461 GC heap before
{Heap before GC invocations=84 (full 0):
 garbage-first heap   total 570368K, used 293933K [0x0000000084a00000, 0x0000000100000000)
  region size 1024K, 2 young (2048K), 1 survivors (1024K)
 Metaspace       used 15975K, committed 16256K, reserved 1064960K
  class space    used 2087K, committed 2240K, reserved 1048576K
}
Event: 2.462 GC heap after
{Heap after GC invocations=85 (full 0):
 garbage-first heap   total 570368K, used 293946K [0x0000000084a00000, 0x0000000100000000)
  region size 1024K, 1 young (1024K), 1 survivors (1024K)
 Metaspace       used 15975K, committed 16256K, reserved 1064960K
  class space    used 2087K, committed 2240K, reserved 1048576K
}
Event: 2.470 GC heap before
{Heap before GC invocations=86 (full 0):
 garbage-first heap   total 570368K, used 298042K [0x0000000084a00000, 0x0000000100000000)
  region size 1024K, 2 young (2048K), 1 survivors (1024K)
 Metaspace       used 15975K, committed 16256K, reserved 1064960K
  class space    used 2087K, committed 2240K, reserved 1048576K
}

