# JRE version: Java(TM) SE Runtime Environment (17.0.6+9) (build 17.0.6+9-LTS-190)
# Java VM: Java HotSpot(TM) 64-Bit Server VM (17.0.6+9-LTS-190, mixed mode, sharing, tiered, compressed oops, compressed class ptrs, g1 gc, windows-amd64)
GC Precious Log:
 CPUs: 12 total, 12 available
 Memory: 7893M
 Large Page Support: Disabled
 NUMA Support: Disabled
 Compressed Oops: Enabled (32-bit)
 Heap Region Size: 1M
 Heap Min Capacity: 8M
 Heap Initial Capacity: 124M
 Heap Max Capacity: 1974M
 Pre-touch: Disabled
 Parallel Workers: 10
 Concurrent Workers: 3
 Concurrent Refinement Workers: 10
 Periodic GC: Disabled
Heap:
 garbage-first heap   total 102400K, used 35460K [0x0000000084a00000, 0x0000000100000000)
  region size 1024K, 9 young (9216K), 4 survivors (4096K)
 Metaspace       used 29305K, committed 29696K, reserved 1081344K
  class space    used 3403K, committed 3584K, reserved 1048576K
GC Heap History (20 events):
Event: 0.724 GC heap before
{Heap before GC invocations=0 (full 0):
 garbage-first heap   total 126976K, used 22528K [0x0000000084a00000, 0x0000000100000000)
  region size 1024K, 23 young (23552K), 0 survivors (0K)
 Metaspace       used 5736K, committed 5888K, reserved 1056768K
  class space    used 684K, committed 768K, reserved 1048576K
}
Event: 0.733 GC heap after
{Heap after GC invocations=1 (full 0):
 garbage-first heap   total 126976K, used 3960K [0x0000000084a00000, 0x0000000100000000)
  region size 1024K, 3 young (3072K), 3 survivors (3072K)
 Metaspace       used 5736K, committed 5888K, reserved 1056768K
  class space    used 684K, committed 768K, reserved 1048576K
}
Event: 1.140 GC heap before
{Heap before GC invocations=1 (full 0):
 garbage-first heap   total 126976K, used 34680K [0x0000000084a00000, 0x0000000100000000)
  region size 1024K, 33 young (33792K), 3 survivors (3072K)
 Metaspace       used 9879K, committed 10112K, reserved 1064960K
  class space    used 1193K, committed 1280K, reserved 1048576K
}
Event: 1.147 GC heap after
{Heap after GC invocations=2 (full 0):
 garbage-first heap   total 126976K, used 5744K [0x0000000084a00000, 0x0000000100000000)
  region size 1024K, 2 young (2048K), 2 survivors (2048K)
 Metaspace       used 9879K, committed 10112K, reserved 1064960K
  class space    used 1193K, committed 1280K, reserved 1048576K
}
Event: 2.868 GC heap before
{Heap before GC invocations=2 (full 0):
 garbage-first heap   total 126976K, used 71280K [0x0000000084a00000, 0x0000000100000000)
  region size 1024K, 67 young (68608K), 2 survivors (2048K)
 Metaspace       used 21216K, committed 21504K, reserved 1073152K
  class space    used 2550K, committed 2688K, reserved 1048576K
}
Event: 2.882 GC heap after
{Heap after GC invocations=3 (full 0):
 garbage-first heap   total 126976K, used 10843K [0x0000000084a00000, 0x0000000100000000)
  region size 1024K, 7 young (7168K), 7 survivors (7168K)
 Metaspace       used 21216K, committed 21504K, reserved 1073152K
  class space    used 2550K, committed 2688K, reserved 1048576K
}
Event: 3.330 GC heap before
{Heap before GC invocations=4 (full 0):
 garbage-first heap   total 40960K, used 28251K [0x0000000084a00000, 0x0000000100000000)
  region size 1024K, 24 young (24576K), 7 survivors (7168K)
 Metaspace       used 24998K, committed 25280K, reserved 1073152K
  class space    used 2951K, committed 3072K, reserved 1048576K
}
Event: 3.346 GC heap after
{Heap after GC invocations=5 (full 0):
 garbage-first heap   total 41984K, used 16690K [0x0000000084a00000, 0x0000000100000000)
  region size 1024K, 3 young (3072K), 3 survivors (3072K)
 Metaspace       used 24998K, committed 25280K, reserved 1073152K
  class space    used 2951K, committed 3072K, reserved 1048576K
}
Event: 3.362 GC heap before
{Heap before GC invocations=5 (full 0):
 garbage-first heap   total 41984K, used 17714K [0x0000000084a00000, 0x0000000100000000)
  region size 1024K, 4 young (4096K), 3 survivors (3072K)
 Metaspace       used 25068K, committed 25344K, reserved 1073152K
  class space    used 2962K, committed 3072K, reserved 1048576K
}
Event: 3.370 GC heap after
{Heap after GC invocations=6 (full 0):
 garbage-first heap   total 51200K, used 18091K [0x0000000084a00000, 0x0000000100000000)
  region size 1024K, 1 young (1024K), 1 survivors (1024K)
 Metaspace       used 25068K, committed 25344K, reserved 1073152K
  class space    used 2962K, committed 3072K, reserved 1048576K
}
Event: 3.517 GC heap before
{Heap before GC invocations=6 (full 0):
 garbage-first heap   total 51200K, used 36523K [0x0000000084a00000, 0x0000000100000000)
  region size 1024K, 18 young (18432K), 1 survivors (1024K)
 Metaspace       used 25412K, committed 25664K, reserved 1073152K
  class space    used 2972K, committed 3072K, reserved 1048576K
}
Event: 3.526 GC heap after
{Heap after GC invocations=7 (full 0):
 garbage-first heap   total 51200K, used 22307K [0x0000000084a00000, 0x0000000100000000)
  region size 1024K, 3 young (3072K), 3 survivors (3072K)
 Metaspace       used 25412K, committed 25664K, reserved 1073152K
  class space    used 2972K, committed 3072K, reserved 1048576K
}
Event: 3.719 GC heap before
{Heap before GC invocations=7 (full 0):
 garbage-first heap   total 51200K, used 36643K [0x0000000084a00000, 0x0000000100000000)
  region size 1024K, 17 young (17408K), 3 survivors (3072K)
 Metaspace       used 26809K, committed 27072K, reserved 1073152K
  class space    used 3136K, committed 3264K, reserved 1048576K
}
Event: 3.726 GC heap after
{Heap after GC invocations=8 (full 0):
 garbage-first heap   total 51200K, used 24976K [0x0000000084a00000, 0x0000000100000000)
  region size 1024K, 3 young (3072K), 3 survivors (3072K)
 Metaspace       used 26809K, committed 27072K, reserved 1073152K
  class space    used 3136K, committed 3264K, reserved 1048576K
}
Event: 3.948 GC heap before
{Heap before GC invocations=8 (full 0):
 garbage-first heap   total 51200K, used 38288K [0x0000000084a00000, 0x0000000100000000)
  region size 1024K, 16 young (16384K), 3 survivors (3072K)
 Metaspace       used 27528K, committed 27840K, reserved 1081344K
  class space    used 3184K, committed 3328K, reserved 1048576K
}
Event: 3.956 GC heap after
{Heap after GC invocations=9 (full 0):
 garbage-first heap   total 51200K, used 27016K [0x0000000084a00000, 0x0000000100000000)
  region size 1024K, 2 young (2048K), 2 survivors (2048K)
 Metaspace       used 27528K, committed 27840K, reserved 1081344K
  class space    used 3184K, committed 3328K, reserved 1048576K
}
Event: 3.958 GC heap before
{Heap before GC invocations=9 (full 0):
 garbage-first heap   total 51200K, used 27016K [0x0000000084a00000, 0x0000000100000000)
  region size 1024K, 3 young (3072K), 2 survivors (2048K)
 Metaspace       used 27528K, committed 27840K, reserved 1081344K
  class space    used 3184K, committed 3328K, reserved 1048576K
}
Event: 3.962 GC heap after
{Heap after GC invocations=10 (full 0):
 garbage-first heap   total 102400K, used 27212K [0x0000000084a00000, 0x0000000100000000)
  region size 1024K, 1 young (1024K), 1 survivors (1024K)
 Metaspace       used 27528K, committed 27840K, reserved 1081344K
  class space    used 3184K, committed 3328K, reserved 1048576K
}
Event: 4.922 GC heap before
{Heap before GC invocations=10 (full 0):
 garbage-first heap   total 102400K, used 74316K [0x0000000084a00000, 0x0000000100000000)
  region size 1024K, 45 young (46080K), 1 survivors (1024K)
 Metaspace       used 28863K, committed 29184K, reserved 1081344K
  class space    used 3353K, committed 3520K, reserved 1048576K
}
Event: 4.930 GC heap after
{Heap after GC invocations=11 (full 0):
 garbage-first heap   total 102400K, used 31364K [0x0000000084a00000, 0x0000000100000000)
  region size 1024K, 4 young (4096K), 4 survivors (4096K)
 Metaspace       used 28863K, committed 29184K, reserved 1081344K
  class space    used 3353K, committed 3520K, reserved 1048576K
}

