# JRE version: Java(TM) SE Runtime Environment (17.0.6+9) (build 17.0.6+9-LTS-190)
# Java VM: Java HotSpot(TM) 64-Bit Server VM (17.0.6+9-LTS-190, mixed mode, sharing, tiered, compressed oops, compressed class ptrs, g1 gc, windows-amd64)
GC Precious Log:
 CPUs: 12 total, 12 available
 Memory: 7893M
 Large Page Support: Disabled
 NUMA Support: Disabled
 Compressed Oops: Enabled (32-bit)
 Heap Region Size: 1M
 Heap Min Capacity: 8M
 Heap Initial Capacity: 124M
 Heap Max Capacity: 1974M
 Pre-touch: Disabled
 Parallel Workers: 10
 Concurrent Workers: 3
 Concurrent Refinement Workers: 10
 Periodic GC: Disabled
Heap:
 garbage-first heap   total 294912K, used 168272K [0x0000000084a00000, 0x0000000100000000)
  region size 1024K, 1 young (1024K), 1 survivors (1024K)
 Metaspace       used 15566K, committed 15872K, reserved 1064960K
  class space    used 2012K, committed 2176K, reserved 1048576K
GC Heap History (20 events):
Event: 1.997 GC heap after
{Heap after GC invocations=30 (full 0):
 garbage-first heap   total 294912K, used 135178K [0x0000000084a00000, 0x0000000100000000)
  region size 1024K, 3 young (3072K), 3 survivors (3072K)
 Metaspace       used 15497K, committed 15808K, reserved 1064960K
  class space    used 2012K, committed 2176K, reserved 1048576K
}
Event: 2.011 GC heap before
{Heap before GC invocations=31 (full 0):
 garbage-first heap   total 294912K, used 139274K [0x0000000084a00000, 0x0000000100000000)
  region size 1024K, 4 young (4096K), 3 survivors (3072K)
 Metaspace       used 15511K, committed 15808K, reserved 1064960K
  class space    used 2012K, committed 2176K, reserved 1048576K
}
Event: 2.012 GC heap after
{Heap after GC invocations=32 (full 0):
 garbage-first heap   total 294912K, used 139644K [0x0000000084a00000, 0x0000000100000000)
  region size 1024K, 3 young (3072K), 3 survivors (3072K)
 Metaspace       used 15511K, committed 15808K, reserved 1064960K
  class space    used 2012K, committed 2176K, reserved 1048576K
}
Event: 2.020 GC heap before
{Heap before GC invocations=33 (full 0):
 garbage-first heap   total 294912K, used 143740K [0x0000000084a00000, 0x0000000100000000)
  region size 1024K, 4 young (4096K), 3 survivors (3072K)
 Metaspace       used 15512K, committed 15808K, reserved 1064960K
  class space    used 2012K, committed 2176K, reserved 1048576K
}
Event: 2.021 GC heap after
{Heap after GC invocations=34 (full 0):
 garbage-first heap   total 294912K, used 143437K [0x0000000084a00000, 0x0000000100000000)
  region size 1024K, 3 young (3072K), 3 survivors (3072K)
 Metaspace       used 15512K, committed 15808K, reserved 1064960K
  class space    used 2012K, committed 2176K, reserved 1048576K
}
Event: 2.030 GC heap before
{Heap before GC invocations=35 (full 0):
 garbage-first heap   total 294912K, used 145485K [0x0000000084a00000, 0x0000000100000000)
  region size 1024K, 4 young (4096K), 3 survivors (3072K)
 Metaspace       used 15515K, committed 15808K, reserved 1064960K
  class space    used 2012K, committed 2176K, reserved 1048576K
}
Event: 2.031 GC heap after
{Heap after GC invocations=36 (full 0):
 garbage-first heap   total 294912K, used 145819K [0x0000000084a00000, 0x0000000100000000)
  region size 1024K, 3 young (3072K), 3 survivors (3072K)
 Metaspace       used 15515K, committed 15808K, reserved 1064960K
  class space    used 2012K, committed 2176K, reserved 1048576K
}
Event: 2.039 GC heap before
{Heap before GC invocations=37 (full 0):
 garbage-first heap   total 294912K, used 149915K [0x0000000084a00000, 0x0000000100000000)
  region size 1024K, 4 young (4096K), 3 survivors (3072K)
 Metaspace       used 15515K, committed 15808K, reserved 1064960K
  class space    used 2012K, committed 2176K, reserved 1048576K
}
Event: 2.040 GC heap after
{Heap after GC invocations=38 (full 0):
 garbage-first heap   total 294912K, used 149709K [0x0000000084a00000, 0x0000000100000000)
  region size 1024K, 3 young (3072K), 3 survivors (3072K)
 Metaspace       used 15515K, committed 15808K, reserved 1064960K
  class space    used 2012K, committed 2176K, reserved 1048576K
}
Event: 2.049 GC heap before
{Heap before GC invocations=39 (full 0):
 garbage-first heap   total 294912K, used 151757K [0x0000000084a00000, 0x0000000100000000)
  region size 1024K, 4 young (4096K), 3 survivors (3072K)
 Metaspace       used 15530K, committed 15808K, reserved 1064960K
  class space    used 2012K, committed 2176K, reserved 1048576K
}
Event: 2.050 GC heap after
{Heap after GC invocations=40 (full 0):
 garbage-first heap   total 294912K, used 152019K [0x0000000084a00000, 0x0000000100000000)
  region size 1024K, 3 young (3072K), 3 survivors (3072K)
 Metaspace       used 15530K, committed 15808K, reserved 1064960K
  class space    used 2012K, committed 2176K, reserved 1048576K
}
Event: 2.058 GC heap before
{Heap before GC invocations=41 (full 0):
 garbage-first heap   total 294912K, used 156115K [0x0000000084a00000, 0x0000000100000000)
  region size 1024K, 4 young (4096K), 3 survivors (3072K)
 Metaspace       used 15534K, committed 15808K, reserved 1064960K
  class space    used 2012K, committed 2176K, reserved 1048576K
}
Event: 2.060 GC heap after
{Heap after GC invocations=42 (full 0):
 garbage-first heap   total 294912K, used 155839K [0x0000000084a00000, 0x0000000100000000)
  region size 1024K, 1 young (1024K), 1 survivors (1024K)
 Metaspace       used 15534K, committed 15808K, reserved 1064960K
  class space    used 2012K, committed 2176K, reserved 1048576K
}
Event: 2.068 GC heap before
{Heap before GC invocations=43 (full 0):
 garbage-first heap   total 294912K, used 157887K [0x0000000084a00000, 0x0000000100000000)
  region size 1024K, 2 young (2048K), 1 survivors (1024K)
 Metaspace       used 15542K, committed 15872K, reserved 1064960K
  class space    used 2012K, committed 2176K, reserved 1048576K
}
Event: 2.068 GC heap after
{Heap after GC invocations=44 (full 0):
 garbage-first heap   total 294912K, used 158211K [0x0000000084a00000, 0x0000000100000000)
  region size 1024K, 1 young (1024K), 1 survivors (1024K)
 Metaspace       used 15542K, committed 15872K, reserved 1064960K
  class space    used 2012K, committed 2176K, reserved 1048576K
}
Event: 2.077 GC heap before
{Heap before GC invocations=45 (full 0):
 garbage-first heap   total 294912K, used 162307K [0x0000000084a00000, 0x0000000100000000)
  region size 1024K, 2 young (2048K), 1 survivors (1024K)
 Metaspace       used 15558K, committed 15872K, reserved 1064960K
  class space    used 2012K, committed 2176K, reserved 1048576K
}
Event: 2.077 GC heap after
{Heap after GC invocations=46 (full 0):
 garbage-first heap   total 294912K, used 162054K [0x0000000084a00000, 0x0000000100000000)
  region size 1024K, 1 young (1024K), 1 survivors (1024K)
 Metaspace       used 15558K, committed 15872K, reserved 1064960K
  class space    used 2012K, committed 2176K, reserved 1048576K
}
Event: 2.085 GC heap before
{Heap before GC invocations=47 (full 0):
 garbage-first heap   total 294912K, used 164102K [0x0000000084a00000, 0x0000000100000000)
  region size 1024K, 2 young (2048K), 1 survivors (1024K)
 Metaspace       used 15566K, committed 15872K, reserved 1064960K
  class space    used 2012K, committed 2176K, reserved 1048576K
}
Event: 2.086 GC heap after
{Heap after GC invocations=48 (full 0):
 garbage-first heap   total 294912K, used 164431K [0x0000000084a00000, 0x0000000100000000)
  region size 1024K, 1 young (1024K), 1 survivors (1024K)
 Metaspace       used 15566K, committed 15872K, reserved 1064960K
  class space    used 2012K, committed 2176K, reserved 1048576K
}
Event: 2.094 GC heap before
{Heap before GC invocations=49 (full 0):
 garbage-first heap   total 294912K, used 168527K [0x0000000084a00000, 0x0000000100000000)
  region size 1024K, 2 young (2048K), 1 survivors (1024K)
 Metaspace       used 15566K, committed 15872K, reserved 1064960K
  class space    used 2012K, committed 2176K, reserved 1048576K
}

