# JRE version: Java(TM) SE Runtime Environment (17.0.6+9) (build 17.0.6+9-LTS-190)
# Java VM: Java HotSpot(TM) 64-Bit Server VM (17.0.6+9-LTS-190, mixed mode, sharing, tiered, compressed oops, compressed class ptrs, g1 gc, windows-amd64)
GC Precious Log:
 CPUs: 12 total, 12 available
 Memory: 7893M
 Large Page Support: Disabled
 NUMA Support: Disabled
 Compressed Oops: Enabled (32-bit)
 Heap Region Size: 1M
 Heap Min Capacity: 8M
 Heap Initial Capacity: 124M
 Heap Max Capacity: 1974M
 Pre-touch: Disabled
 Parallel Workers: 10
 Concurrent Workers: 3
 Concurrent Refinement Workers: 10
 Periodic GC: Disabled
Heap:
 garbage-first heap   total 265216K, used 156034K [0x0000000084a00000, 0x0000000100000000)
  region size 1024K, 1 young (1024K), 1 survivors (1024K)
 Metaspace       used 15541K, committed 15808K, reserved 1064960K
  class space    used 2012K, committed 2176K, reserved 1048576K
GC Heap History (20 events):
Event: 2.211 GC heap after
{Heap after GC invocations=35 (full 0):
 garbage-first heap   total 249856K, used 121178K [0x0000000084a00000, 0x0000000100000000)
  region size 1024K, 3 young (3072K), 3 survivors (3072K)
 Metaspace       used 15491K, committed 15808K, reserved 1064960K
  class space    used 2012K, committed 2176K, reserved 1048576K
}
Event: 2.224 GC heap before
{Heap before GC invocations=36 (full 0):
 garbage-first heap   total 249856K, used 127322K [0x0000000084a00000, 0x0000000100000000)
  region size 1024K, 4 young (4096K), 3 survivors (3072K)
 Metaspace       used 15500K, committed 15808K, reserved 1064960K
  class space    used 2012K, committed 2176K, reserved 1048576K
}
Event: 2.226 GC heap after
{Heap after GC invocations=37 (full 0):
 garbage-first heap   total 249856K, used 127503K [0x0000000084a00000, 0x0000000100000000)
  region size 1024K, 3 young (3072K), 3 survivors (3072K)
 Metaspace       used 15500K, committed 15808K, reserved 1064960K
  class space    used 2012K, committed 2176K, reserved 1048576K
}
Event: 2.232 GC heap before
{Heap before GC invocations=38 (full 0):
 garbage-first heap   total 249856K, used 131599K [0x0000000084a00000, 0x0000000100000000)
  region size 1024K, 4 young (4096K), 3 survivors (3072K)
 Metaspace       used 15501K, committed 15808K, reserved 1064960K
  class space    used 2012K, committed 2176K, reserved 1048576K
}
Event: 2.233 GC heap after
{Heap after GC invocations=39 (full 0):
 garbage-first heap   total 249856K, used 131198K [0x0000000084a00000, 0x0000000100000000)
  region size 1024K, 2 young (2048K), 2 survivors (2048K)
 Metaspace       used 15501K, committed 15808K, reserved 1064960K
  class space    used 2012K, committed 2176K, reserved 1048576K
}
Event: 2.241 GC heap before
{Heap before GC invocations=40 (full 0):
 garbage-first heap   total 249856K, used 133246K [0x0000000084a00000, 0x0000000100000000)
  region size 1024K, 3 young (3072K), 2 survivors (2048K)
 Metaspace       used 15501K, committed 15808K, reserved 1064960K
  class space    used 2012K, committed 2176K, reserved 1048576K
}
Event: 2.243 GC heap after
{Heap after GC invocations=41 (full 0):
 garbage-first heap   total 249856K, used 133667K [0x0000000084a00000, 0x0000000100000000)
  region size 1024K, 1 young (1024K), 1 survivors (1024K)
 Metaspace       used 15501K, committed 15808K, reserved 1064960K
  class space    used 2012K, committed 2176K, reserved 1048576K
}
Event: 2.251 GC heap before
{Heap before GC invocations=42 (full 0):
 garbage-first heap   total 249856K, used 137763K [0x0000000084a00000, 0x0000000100000000)
  region size 1024K, 2 young (2048K), 1 survivors (1024K)
 Metaspace       used 15509K, committed 15808K, reserved 1064960K
  class space    used 2012K, committed 2176K, reserved 1048576K
}
Event: 2.251 GC heap after
{Heap after GC invocations=43 (full 0):
 garbage-first heap   total 249856K, used 137449K [0x0000000084a00000, 0x0000000100000000)
  region size 1024K, 1 young (1024K), 1 survivors (1024K)
 Metaspace       used 15509K, committed 15808K, reserved 1064960K
  class space    used 2012K, committed 2176K, reserved 1048576K
}
Event: 2.259 GC heap before
{Heap before GC invocations=44 (full 0):
 garbage-first heap   total 249856K, used 139497K [0x0000000084a00000, 0x0000000100000000)
  region size 1024K, 2 young (2048K), 1 survivors (1024K)
 Metaspace       used 15518K, committed 15808K, reserved 1064960K
  class space    used 2012K, committed 2176K, reserved 1048576K
}
Event: 2.259 GC heap after
{Heap after GC invocations=45 (full 0):
 garbage-first heap   total 249856K, used 139810K [0x0000000084a00000, 0x0000000100000000)
  region size 1024K, 1 young (1024K), 1 survivors (1024K)
 Metaspace       used 15518K, committed 15808K, reserved 1064960K
  class space    used 2012K, committed 2176K, reserved 1048576K
}
Event: 2.266 GC heap before
{Heap before GC invocations=46 (full 0):
 garbage-first heap   total 249856K, used 143906K [0x0000000084a00000, 0x0000000100000000)
  region size 1024K, 2 young (2048K), 1 survivors (1024K)
 Metaspace       used 15519K, committed 15808K, reserved 1064960K
  class space    used 2012K, committed 2176K, reserved 1048576K
}
Event: 2.266 GC heap after
{Heap after GC invocations=47 (full 0):
 garbage-first heap   total 249856K, used 143646K [0x0000000084a00000, 0x0000000100000000)
  region size 1024K, 1 young (1024K), 1 survivors (1024K)
 Metaspace       used 15519K, committed 15808K, reserved 1064960K
  class space    used 2012K, committed 2176K, reserved 1048576K
}
Event: 2.274 GC heap before
{Heap before GC invocations=48 (full 0):
 garbage-first heap   total 249856K, used 145694K [0x0000000084a00000, 0x0000000100000000)
  region size 1024K, 2 young (2048K), 1 survivors (1024K)
 Metaspace       used 15522K, committed 15808K, reserved 1064960K
  class space    used 2012K, committed 2176K, reserved 1048576K
}
Event: 2.275 GC heap after
{Heap after GC invocations=49 (full 0):
 garbage-first heap   total 249856K, used 145999K [0x0000000084a00000, 0x0000000100000000)
  region size 1024K, 1 young (1024K), 1 survivors (1024K)
 Metaspace       used 15522K, committed 15808K, reserved 1064960K
  class space    used 2012K, committed 2176K, reserved 1048576K
}
Event: 2.282 GC heap before
{Heap before GC invocations=50 (full 0):
 garbage-first heap   total 252928K, used 150095K [0x0000000084a00000, 0x0000000100000000)
  region size 1024K, 2 young (2048K), 1 survivors (1024K)
 Metaspace       used 15522K, committed 15808K, reserved 1064960K
  class space    used 2012K, committed 2176K, reserved 1048576K
}
Event: 2.283 GC heap after
{Heap after GC invocations=51 (full 0):
 garbage-first heap   total 252928K, used 149847K [0x0000000084a00000, 0x0000000100000000)
  region size 1024K, 1 young (1024K), 1 survivors (1024K)
 Metaspace       used 15522K, committed 15808K, reserved 1064960K
  class space    used 2012K, committed 2176K, reserved 1048576K
}
Event: 2.293 GC heap before
{Heap before GC invocations=52 (full 0):
 garbage-first heap   total 256000K, used 151895K [0x0000000084a00000, 0x0000000100000000)
  region size 1024K, 2 young (2048K), 1 survivors (1024K)
 Metaspace       used 15536K, committed 15808K, reserved 1064960K
  class space    used 2012K, committed 2176K, reserved 1048576K
}
Event: 2.293 GC heap after
{Heap after GC invocations=53 (full 0):
 garbage-first heap   total 256000K, used 152183K [0x0000000084a00000, 0x0000000100000000)
  region size 1024K, 1 young (1024K), 1 survivors (1024K)
 Metaspace       used 15536K, committed 15808K, reserved 1064960K
  class space    used 2012K, committed 2176K, reserved 1048576K
}
Event: 2.301 GC heap before
{Heap before GC invocations=54 (full 0):
 garbage-first heap   total 265216K, used 156279K [0x0000000084a00000, 0x0000000100000000)
  region size 1024K, 2 young (2048K), 1 survivors (1024K)
 Metaspace       used 15541K, committed 15808K, reserved 1064960K
  class space    used 2012K, committed 2176K, reserved 1048576K
}

